This is ObjectTeX, Version 3.1415926-1.0 (TeX engine: Aspose.TeX 23.12) (preloaded format=objectlatex 2024.1.16)  2 Mar 2024 01:24
entering extended mode
**
(
LaTeX2e <2011/06/27>
(article.cls
Document Class: article 2007/10/19 v1.4h Standard LaTeX document class
(size11.clo
File: size11.clo 2007/10/19 v1.4h Standard LaTeX file (size option)
)
\c@part=\count79
\c@section=\count80
\c@subsection=\count81
\c@subsubsection=\count82
\c@paragraph=\count83
\c@subparagraph=\count84
\c@figure=\count85
\c@table=\count86
\abovecaptionskip=\skip41
\belowcaptionskip=\skip42
\bibindent=\dimen102
) (latexsym.sty
Package: latexsym 1998/08/17 v2.2e Standard LaTeX package (lasy symbols)
\symlasy=\mathgroup4
LaTeX Font Info:    Overwriting symbol font `lasy' in version `bold'
(Font)                  U/lasy/m/n --> U/lasy/b/n on input line 47.
)
File not found: fullpage.sty. Ignored due to IgnoreMissingPackages option setti
ng.
File not found: fullpage.sty. Ignored due to IgnoreMissingPackages option setti
ng. (fullpage.sty)

! LaTeX Error: Unknown option `empty' for package `fullpage'.

See the LaTeX manual or LaTeX Companion for explanation.
Type  H <return>  for immediate help.
 ...                                               
                                                   
l.5 \usepackage
               {titlesec}
The option `empty' was not declared in package `fullpage', perhaps you
misspelled its name. Try typing  <return>  to proceed.

File not found: titlesec.sty. Ignored due to IgnoreMissingPackages option setti
ng.
File not found: titlesec.sty. Ignored due to IgnoreMissingPackages option setti
ng. (titlesec.sty)
File not found: marvosym.sty. Ignored due to IgnoreMissingPackages option setti
ng.
File not found: marvosym.sty. Ignored due to IgnoreMissingPackages option setti
ng. (marvosym.sty) (color.sty
Package: color 2005/11/14 v1.0j Standard LaTeX Color (DPC)
 (color.cfg
File: color.cfg 2007/01/18 v1.5 color configuration of teTeX/TeXLive
)
Package color Info: Driver file: objecttex.def on input line 131.
 (objecttex.def
File: objecttex.def 2021/07/30 v1.0 Graphics/color for Object TeX
 (infwarerr.sty
Package: infwarerr 2010/04/08 v1.3 Providing info/warning/error messages (HO)
)
(ltxcmds.sty
Package: ltxcmds 2011/11/09 v1.22 LaTeX kernel commands for general use (HO)
)
\Gread@gobject=\count87
)
File not found: dvipsnam.def. Ignored due to IgnoreMissingPackages option setti
ng.
File not found: dvipsnam.def. Ignored due to IgnoreMissingPackages option setti
ng. (dvipsnam.def)) (verbatim.sty
Package: verbatim 2003/08/22 v1.5q LaTeX2e package for verbatim enhancements
\every@verbatim=\toks14
\verbatim@line=\toks15
\verbatim@in@stream=\read1
)
File not found: enumitem.sty. Ignored due to IgnoreMissingPackages option setti
ng.
File not found: enumitem.sty. Ignored due to IgnoreMissingPackages option setti
ng. (enumitem.sty) (hyperrefo.sty
Package: hyperref 2021/10/26 v1.0 Hypertext links for LaTeX (Aspose Pty Ltd.)
 (hobsub-hyperrefo.sty
Package: hobsub-hyperref 2021/10/26 v1.0 Aspose.TeX, subset hyperref (Aspose Pt
y Ltd.)
 (hobsub-generico.sty
Package: hobsub-generic 2021/10/26 v1.0 Aspose.TeX, subset generic (Aspose Pty 
Ltd.)
Package: hobsub 2012/04/25 v1.12 Construct package bundles (HO)
Package hobsub Info: Skipping package `infwarerr' (already loaded).
Package hobsub Info: Skipping package `ltxcmds' (already loaded).
Package: ifluatex 2010/03/01 v1.3 Provides the ifluatex switch (HO)
Package ifluatex Info: LuaTeX not detected.
Package: ifvtex 2010/03/01 v1.5 Detect VTeX and its facilities (HO)
Package ifvtex Info: VTeX not detected.
Package: intcalc 2007/09/27 v1.1 Expandable calculations with integers (HO)
Package: ifobject 2021/10/07 v1.0 Provides the ifobject switch (Aspose Pty Ltd.
)
Package ifobject Info: Object TeX is detected.
Package: etexcmds 2021/10/26 v1.0 Avoid name clashes with e-TeX commands (Aspos
e Pty Ltd.)
Package: kvsetkeys 2012/04/25 v1.16 Key value parser (HO)
Package: kvdefinekeys 2011/04/07 v1.3 Define keys (HO)
Package: objecttexcmds 2021/09/23 v1.0 Utility functions of Object TeX (Aspose 
Pty Ltd.)
Package objecttexcmds Info: LuaTeX not detected.
Package objecttexcmds Info: \obj@Primitive is available.
Package objecttexcmds Info: \obj@IfPrimitive is available.
Package objecttexcmds Info: \objDraftMode found.
Package: objectescape 2021/10/07 v1.0 Implements Object TeX's escape features (
Aspose Pty Ltd.)
Package: bigintcalc 2012/04/08 v1.3 Expandable calculations on big integers (HO
)
Package: bitset 2011/01/30 v1.1 Handle bit-vector datatype (HO)
Package: uniquecounter 2011/01/30 v1.2 Provide unlimited unique counter (HO)
)
Package hobsub Info: Skipping package `hobsub' (already loaded).
Package: letltxmacro 2010/09/02 v1.4 Let assignment for LaTeX macros (HO)
Package: hopatch 2011/06/24 v1.1 Wrapper for package hooks (HO)
Package: xcolor-patch 2011/01/30 xcolor patch
Package: atveryend 2011/06/30 v1.8 Hooks at the very end of document (HO)
Package atveryend Info: \enddocument detected (standard20110627).
Package: atbegshi 2021/10/07 v1.0 At begin shipout hook (Aspose Pty Ltd.)
Package: refcount 2011/10/16 v3.4 Data extraction from label references (HO)
Package: hycolor 2011/01/30 v1.7 Color options for hyperref/bookmark (HO)
)
(keyval.sty
Package: keyval 2014/10/28 v1.15 key=value parser (DPC)
\KV@toks@=\toks16
) (ifxetex.sty
Package: ifxetex 2010/09/12 v0.6 Provides ifxetex conditional
) (auxhook.sty
Package: auxhook 2011/03/04 v1.3 Hooks for auxiliary files (HO)
) (kvoptions.sty
Package: kvoptions 2011/06/30 v3.11 Key value format for package options (HO)
)
\@linkdim=\dimen103
\Hy@linkcounter=\count88
\Hy@pagecounter=\count89
 (pd1enc.def
File: pd1enc.def 2012/11/06 v6.83m Hyperref: PDFDocEncoding definition (HO)
)
\Hy@SavedSpaceFactor=\count90

(hyperrefo.cfg
File: hyperref.cfg 2021/10/26 v1.0 hyperref configuration of Object TeX (Aspose
 Pty Ltd.)
)
Package hyperref Info: Hyper figures OFF on input line 4437.
Package hyperref Info: Link nesting OFF on input line 4442.
Package hyperref Info: Hyper index ON on input line 4445.
Package hyperref Info: Plain pages OFF on input line 4452.
Package hyperref Info: Backreferencing OFF on input line 4457.
Package hyperref Info: Implicit mode ON; LaTeX internals redefined.
Package hyperref Info: Bookmarks ON on input line 4682.
\c@Hy@tempcnt=\count91
 (url.sty
\Urlmuskip=\muskip10
Package: url 2013/09/16  ver 3.4  Verb mode for urls, etc.
)
LaTeX Info: Redefining \url on input line 5035.
\XeTeXLinkMargin=\dimen104
\Fld@menulength=\count92
\Field@Width=\dimen105
\Fld@charsize=\dimen106
Package hyperref Info: Hyper figures OFF on input line 6289.
Package hyperref Info: Link nesting OFF on input line 6294.
Package hyperref Info: Hyper index ON on input line 6297.
Package hyperref Info: backreferencing OFF on input line 6304.
Package hyperref Info: Link coloring OFF on input line 6309.
Package hyperref Info: Link coloring with OCG OFF on input line 6314.
Package hyperref Info: PDF/A mode OFF on input line 6319.
LaTeX Info: Redefining \ref on input line 6359.
LaTeX Info: Redefining \pageref on input line 6363.
\Hy@abspage=\count93
\c@Item=\count94
\c@Hfootnote=\count95
)

Package hyperref Message: Driver (autodetected): hobjecttex.

(hobjecttex.def
File: hobjecttex.def 2021/10/26 v1.0 Hyperref driver for Object TeX
 (rerunfilechecko.sty
Package: rerunfilecheck 2021/10/26 v1.0 Rerun checks for auxiliary files (HO)
Package uniquecounter Info: New unique counter `rerunfilecheck' on input line 2
68.
))
File not found: fancyhdr.sty. Ignored due to IgnoreMissingPackages option setti
ng.
File not found: fancyhdr.sty. Ignored due to IgnoreMissingPackages option setti
ng. (fancyhdr.sty)
File not found: babel.sty. Ignored due to IgnoreMissingPackages option setting.
File not found: babel.sty. Ignored due to IgnoreMissingPackages option setting.
(babel.sty)

! LaTeX Error: Unknown option `english' for package `babel'.

See the LaTeX manual or LaTeX Companion for explanation.
Type  H <return>  for immediate help.
 ...                                               
                                                   
l.13 \usepackage
                {tabularx}
The option `english' was not declared in package `babel', perhaps you
misspelled its name. Try typing  <return>  to proceed.

(tabularx.sty
Package: tabularx 1999/01/07 v2.07 `tabularx' package (DPC)
 (array.sty
Package: array 2008/09/09 v2.4c Tabular extension package (FMi)
\col@sep=\dimen107
\extrarowheight=\dimen108
\NC@list=\toks17
\extratabsurround=\skip43
\backup@length=\skip44
)
\TX@col@width=\dimen109
\TX@old@table=\dimen110
\TX@old@col=\dimen111
\TX@target=\dimen112
\TX@delta=\dimen113
\TX@cols=\count96
\TX@ftn=\toks18
) (xcolor.sty
Package: xcolor 2016/05/11 v2.12 LaTeX color extensions (UK)
 (color.cfg
File: color.cfg 2007/01/18 v1.5 color configuration of teTeX/TeXLive
)
Package xcolor Info: Driver file: objecttex.def on input line 225.
LaTeX Info: Redefining \color on input line 709.
Package xcolor Info: Model `cmy' substituted by `cmy0' on input line 1348.
Package xcolor Info: Model `hsb' substituted by `rgb' on input line 1352.
Package xcolor Info: Model `RGB' extended on input line 1364.
Package xcolor Info: Model `HTML' substituted by `rgb' on input line 1366.
Package xcolor Info: Model `Hsb' substituted by `hsb' on input line 1367.
Package xcolor Info: Model `tHsb' substituted by `hsb' on input line 1368.
Package xcolor Info: Model `HSB' substituted by `hsb' on input line 1369.
Package xcolor Info: Model `Gray' substituted by `gray' on input line 1370.
Package xcolor Info: Model `wave' substituted by `hsb' on input line 1371.
 Drivers: macro:->objecttex)
File not found: fontawesome5.sty. Ignored due to IgnoreMissingPackages option s
etting.
File not found: fontawesome5.sty. Ignored due to IgnoreMissingPackages option s
etting. (fontawesome5.sty)
File not found: glyphtounicode.tex. Ignored due to IgnoreMissingPackages option
 setting.
File not found: glyphtounicode.tex. Ignored due to IgnoreMissingPackages option
 setting. (glyphtounicode.tex)
! Undefined control sequence.
<argument> \undefinedpagestyle 
                               
l.26 \pagestyle{fancy}
                      
The control sequence at the end of the top line
of your error message was never \def'ed. If you have
misspelled it (e.g., `\hobx'), type `I' and the correct
spelling (e.g., `I\hbox'). Otherwise just continue,
and I'll forget about whatever was undefined.

! Undefined control sequence.
l.27 \fancyhf
             {} % clear all header and footer fields
The control sequence at the end of the top line
of your error message was never \def'ed. If you have
misspelled it (e.g., `\hobx'), type `I' and the correct
spelling (e.g., `I\hbox'). Otherwise just continue,
and I'll forget about whatever was undefined.

! Undefined control sequence.
l.28 \fancyfoot
               {}
The control sequence at the end of the top line
of your error message was never \def'ed. If you have
misspelled it (e.g., `\hobx'), type `I' and the correct
spelling (e.g., `I\hbox'). Otherwise just continue,
and I'll forget about whatever was undefined.


! LaTeX Error: \headrulewidth undefined.

See the LaTeX manual or LaTeX Companion for explanation.
Type  H <return>  for immediate help.
 ...                                               
                                                   
l.29 \renewcommand{\headrulewidth}
                                  {0pt}
Try typing  <return>  to proceed.
If that doesn't work, type  X <return>  to quit.


! LaTeX Error: \footrulewidth undefined.

See the LaTeX manual or LaTeX Companion for explanation.
Type  H <return>  for immediate help.
 ...                                               
                                                   
l.30 \renewcommand{\footrulewidth}
                                  {0pt}
Try typing  <return>  to proceed.
If that doesn't work, type  X <return>  to quit.

! Undefined control sequence.
l.46 \titleformat
                 {\section}{
The control sequence at the end of the top line
of your error message was never \def'ed. If you have
misspelled it (e.g., `\hobx'), type `I' and the correct
spelling (e.g., `I\hbox'). Otherwise just continue,
and I'll forget about whatever was undefined.


! LaTeX Error: Missing \begin{document}.

See the LaTeX manual or LaTeX Companion for explanation.
Type  H <return>  for immediate help.
 ...                                               
                                                   
l.46 \titleformat{\section
                          }{
You're in trouble here.  Try typing  <return>  to proceed.
If that doesn't work, type  X <return>  to quit.

! Argument of \@xdblarg has an extra }.
<inserted text> 
                \par 
l.46 \titleformat{\section}
                           {
I've run across a `}' that doesn't seem to match anything.
For example, `\def\a#1{...}' and `\a}' would produce
this error. If you simply proceed now, the `\par' that
I've just inserted will cause me to report a runaway
argument that might be the root of the problem. But if
your `}' was spurious, just type `2' and it will go away.

Runaway argument?
! Paragraph ended before \@xdblarg was complete.
<to be read again> 
                   \par 
l.46 \titleformat{\section}
                           {
I suspect you've forgotten a `}', causing me to apply this
control sequence to too much text. How can we recover?
My plan is to forget the whole thing and hope for the best.


! LaTeX Error: Missing \begin{document}.

See the LaTeX manual or LaTeX Companion for explanation.
Type  H <return>  for immediate help.
 ...                                               
                                                   
l.48 }{}{0
          em}{}[\color{black}\titlerule \vspace{-5pt}]
You're in trouble here.  Try typing  <return>  to proceed.
If that doesn't work, type  X <return>  to quit.

! Undefined control sequence.
l.48 }{}{0em}{}[\color{black}\titlerule
                                        \vspace{-5pt}]
The control sequence at the end of the top line
of your error message was never \def'ed. If you have
misspelled it (e.g., `\hobx'), type `I' and the correct
spelling (e.g., `I\hbox'). Otherwise just continue,
and I'll forget about whatever was undefined.

! Undefined control sequence.
l.51 \titleformat
                 {\subsection}{
The control sequence at the end of the top line
of your error message was never \def'ed. If you have
misspelled it (e.g., `\hobx'), type `I' and the correct
spelling (e.g., `I\hbox'). Otherwise just continue,
and I'll forget about whatever was undefined.


! LaTeX Error: Missing \begin{document}.

See the LaTeX manual or LaTeX Companion for explanation.
Type  H <return>  for immediate help.
 ...                                               
                                                   
l.51 \titleformat{\subsection
                             }{
You're in trouble here.  Try typing  <return>  to proceed.
If that doesn't work, type  X <return>  to quit.

! Argument of \@xdblarg has an extra }.
<inserted text> 
                \par 
l.51 \titleformat{\subsection}
                              {
I've run across a `}' that doesn't seem to match anything.
For example, `\def\a#1{...}' and `\a}' would produce
this error. If you simply proceed now, the `\par' that
I've just inserted will cause me to report a runaway
argument that might be the root of the problem. But if
your `}' was spurious, just type `2' and it will go away.

Runaway argument?
! Paragraph ended before \@xdblarg was complete.
<to be read again> 
                   \par 
l.51 \titleformat{\subsection}
                              {
I suspect you've forgotten a `}', causing me to apply this
control sequence to too much text. How can we recover?
My plan is to forget the whole thing and hope for the best.


! LaTeX Error: Missing \begin{document}.

See the LaTeX manual or LaTeX Companion for explanation.
Type  H <return>  for immediate help.
 ...                                               
                                                   
l.53 }{\hspace{-.15in}
                      }{0em}{}[\color{black}\vspace{-8pt}]
You're in trouble here.  Try typing  <return>  to proceed.
If that doesn't work, type  X <return>  to quit.

! Undefined control sequence.
l.56 \pdfgentounicode
                     =1
The control sequence at the end of the top line
of your error message was never \def'ed. If you have
misspelled it (e.g., `\hobx'), type `I' and the correct
spelling (e.g., `I\hbox'). Otherwise just continue,
and I'll forget about whatever was undefined.


! LaTeX Error: Missing \begin{document}.

See the LaTeX manual or LaTeX Companion for explanation.
Type  H <return>  for immediate help.
 ...                                               
                                                   
l.56 \pdfgentounicode=
                      1
You're in trouble here.  Try typing  <return>  to proceed.
If that doesn't work, type  X <return>  to quit.

File not found: kathan.aux. Ignored due to IgnoreMissingPackages option setting
.
File not found: kathan.aux. Ignored due to IgnoreMissingPackages option setting
. (kathan.aux)
LaTeX Font Info:    Checking defaults for OML/cmm/m/it on input line 98.
LaTeX Font Info:    ... okay on input line 98.
LaTeX Font Info:    Checking defaults for T1/cmr/m/n on input line 98.
LaTeX Font Info:    ... okay on input line 98.
LaTeX Font Info:    Checking defaults for OT1/cmr/m/n on input line 98.
LaTeX Font Info:    ... okay on input line 98.
LaTeX Font Info:    Checking defaults for OMS/cmsy/m/n on input line 98.
LaTeX Font Info:    ... okay on input line 98.
LaTeX Font Info:    Checking defaults for OMX/cmex/m/n on input line 98.
LaTeX Font Info:    ... okay on input line 98.
LaTeX Font Info:    Checking defaults for U/cmr/m/n on input line 98.
LaTeX Font Info:    ... okay on input line 98.
LaTeX Font Info:    Checking defaults for PD1/pdf/m/n on input line 98.
LaTeX Font Info:    ... okay on input line 98.
\AtBeginShipoutBox=\box26
Package hyperref Info: Link coloring OFF on input line 98.
 (nameref.sty
Package: nameref 2012/10/27 v2.43 Cross-referencing by name of section
 (gettitlestring.sty
Package: gettitlestring 2010/12/03 v1.4 Cleanup title references (HO)
)
\c@section@level=\count97
)
LaTeX Info: Redefining \ref on input line 98.
LaTeX Info: Redefining \pageref on input line 98.
LaTeX Info: Redefining \nameref on input line 98.

File not found: kathan.out. Ignored due to IgnoreMissingPackages option setting
.
File not found: kathan.out. Ignored due to IgnoreMissingPackages option setting
. (kathan.out)
File not found: kathan.out. Ignored due to IgnoreMissingPackages option setting
.
File not found: kathan.out. Ignored due to IgnoreMissingPackages option setting
. (kathan.out)
\@outlinefile=\write3


LaTeX Font Warning: Font shape `OT1/cmr/bx/sc' undefined
(Font)              using `OT1/cmr/bx/n' instead on input line 110.

! Undefined control sequence.
l.112     \faIcon
                 {phone-alt} \ \small 958-656-6717 $  $
The control sequence at the end of the top line
of your error message was never \def'ed. If you have
misspelled it (e.g., `\hobx'), type `I' and the correct
spelling (e.g., `I\hbox'). Otherwise just continue,
and I'll forget about whatever was undefined.

LaTeX Font Info:    External font `cmex10' loaded for size
(Font)              <7> on input line 112.
LaTeX Font Info:    External font `cmex10' loaded for size
(Font)              <5> on input line 112.
LaTeX Font Info:    Try loading font information for U+lasy on input line 112.
(ulasy.fd
File: ulasy.fd 1998/08/17 v2.2e LaTeX symbol font definitions
)
! Undefined control sequence.
l.113     \faIcon
                 {envelope}
The control sequence at the end of the top line
of your error message was never \def'ed. If you have
misspelled it (e.g., `\hobx'), type `I' and the correct
spelling (e.g., `I\hbox'). Otherwise just continue,
and I'll forget about whatever was undefined.

! Undefined control sequence.
l.116     \faIcon
                 {github}
The control sequence at the end of the top line
of your error message was never \def'ed. If you have
misspelled it (e.g., `\hobx'), type `I' and the correct
spelling (e.g., `I\hbox'). Otherwise just continue,
and I'll forget about whatever was undefined.

! Undefined control sequence.
l.118     \faIcon
                 {linkedin}
The control sequence at the end of the top line
of your error message was never \def'ed. If you have
misspelled it (e.g., `\hobx'), type `I' and the correct
spelling (e.g., `I\hbox'). Otherwise just continue,
and I'll forget about whatever was undefined.


! LaTeX Error: Something's wrong--perhaps a missing \item.

See the LaTeX manual or LaTeX Companion for explanation.
Type  H <return>  for immediate help.
 ...                                               
                                                   
l.129 ...cience and Engineering}{Current GPA: 9.09}
                                                   
Try typing  <return>  to proceed.
If that doesn't work, type  X <return>  to quit.


! LaTeX Error: Something's wrong--perhaps a missing \item.

See the LaTeX manual or LaTeX Companion for explanation.
Type  H <return>  for immediate help.
 ...                                               
                                                   
l.129 ...cience and Engineering}{Current GPA: 9.09}
                                                   
Try typing  <return>  to proceed.
If that doesn't work, type  X <return>  to quit.


! LaTeX Error: Something's wrong--perhaps a missing \item.

See the LaTeX manual or LaTeX Companion for explanation.
Type  H <return>  for immediate help.
 ...                                               
                                                   
l.129 ...cience and Engineering}{Current GPA: 9.09}
                                                   
Try typing  <return>  to proceed.
If that doesn't work, type  X <return>  to quit.

LaTeX Font Info:    Try loading font information for OMS+cmr on input line 129.

(omscmr.fd
File: omscmr.fd 1999/05/25 v2.5h Standard LaTeX font definitions
)
LaTeX Font Info:    Font shape `OMS/cmr/m/n' in size <10.95> not available
(Font)              Font shape `OMS/cmsy/m/n' tried instead on input line 129.
LaTeX Font Info:    External font `cmex10' loaded for size
(Font)              <10.95> on input line 129.
LaTeX Font Info:    External font `cmex10' loaded for size
(Font)              <8> on input line 129.
LaTeX Font Info:    External font `cmex10' loaded for size
(Font)              <6> on input line 129.


! LaTeX Error: Something's wrong--perhaps a missing \item.

See the LaTeX manual or LaTeX Companion for explanation.
Type  H <return>  for immediate help.
 ...                                               
                                                   
l.133 ...& JEE Advanced Qualified}{Board PR: 98.97}
                                                   
Try typing  <return>  to proceed.
If that doesn't work, type  X <return>  to quit.


! LaTeX Error: Something's wrong--perhaps a missing \item.

See the LaTeX manual or LaTeX Companion for explanation.
Type  H <return>  for immediate help.
 ...                                               
                                                   
l.133 ...& JEE Advanced Qualified}{Board PR: 98.97}
                                                   
Try typing  <return>  to proceed.
If that doesn't work, type  X <return>  to quit.


! LaTeX Error: Something's wrong--perhaps a missing \item.

See the LaTeX manual or LaTeX Companion for explanation.
Type  H <return>  for immediate help.
 ...                                               
                                                   
l.133 ...& JEE Advanced Qualified}{Board PR: 98.97}
                                                   
Try typing  <return>  to proceed.
If that doesn't work, type  X <return>  to quit.


! LaTeX Error: Something's wrong--perhaps a missing \item.

See the LaTeX manual or LaTeX Companion for explanation.
Type  H <return>  for immediate help.
 ...                                               
                                                   
l.137   \resumeSubHeadingListEnd
                                
Try typing  <return>  to proceed.
If that doesn't work, type  X <return>  to quit.


Overfull \hbox (14.40749pt too wide) in paragraph at lines 125--137
[] 
 []


Overfull \hbox (14.40749pt too wide) in paragraph at lines 125--137
[][] 
 []


! LaTeX Error: Something's wrong--perhaps a missing \item.

See the LaTeX manual or LaTeX Companion for explanation.
Type  H <return>  for immediate help.
 ...                                               
                                                   
l.145 ... Plotly, Matplotlib, Pandas}} {Sept. 2023}
                                                    \\
Try typing  <return>  to proceed.
If that doesn't work, type  X <return>  to quit.


! LaTeX Error: Something's wrong--perhaps a missing \item.

See the LaTeX manual or LaTeX Companion for explanation.
Type  H <return>  for immediate help.
 ...                                               
                                                   
l.145 ... Plotly, Matplotlib, Pandas}} {Sept. 2023}
                                                    \\
Try typing  <return>  to proceed.
If that doesn't work, type  X <return>  to quit.


! LaTeX Error: Something's wrong--perhaps a missing \item.

See the LaTeX manual or LaTeX Companion for explanation.
Type  H <return>  for immediate help.
 ...                                               
                                                   
l.145 ... Plotly, Matplotlib, Pandas}} {Sept. 2023}
                                                    \\
Try typing  <return>  to proceed.
If that doesn't work, type  X <return>  to quit.

! Undefined control sequence.
<argument> \faIcon 
                   {external-link-alt} \textbf { WhatsApp-Chat-Analyzer}
l.145 ... Plotly, Matplotlib, Pandas}} {Sept. 2023}
                                                    \\
The control sequence at the end of the top line
of your error message was never \def'ed. If you have
misspelled it (e.g., `\hobx'), type `I' and the correct
spelling (e.g., `I\hbox'). Otherwise just continue,
and I'll forget about whatever was undefined.


Overfull \hbox (131.70966pt too wide) in alignment at lines 145--145
[] [] 
 []


! LaTeX Error: Something's wrong--perhaps a missing \item.

See the LaTeX manual or LaTeX Companion for explanation.
Type  H <return>  for immediate help.
 ...                                               
                                                   
l.146         \resumeItemListStart
                                  
Try typing  <return>  to proceed.
If that doesn't work, type  X <return>  to quit.


! LaTeX Error: Something's wrong--perhaps a missing \item.

See the LaTeX manual or LaTeX Companion for explanation.
Type  H <return>  for immediate help.
 ...                                               
                                                   
l.147 ... libraries to facilitate user engagement.}
                                                   
Try typing  <return>  to proceed.
If that doesn't work, type  X <return>  to quit.


Overfull \hbox (72.86841pt too wide) in paragraph at lines 142--147
\OT1/cmr/m/n/10.95 label=][]  
 []

! Undefined control sequence.
<argument> \faIcon 
                   {external-link-alt} \textbf { Hospital-Management-...
l.154 ... MySQL, Werkzeug, HTML, Jinja}}{Mar. 2023}
                                                    \\
The control sequence at the end of the top line
of your error message was never \def'ed. If you have
misspelled it (e.g., `\hobx'), type `I' and the correct
spelling (e.g., `I\hbox'). Otherwise just continue,
and I'll forget about whatever was undefined.


Overfull \hbox (125.13142pt too wide) in alignment at lines 154--154
[] [] 
 []


Overfull \hbox (14.40749pt too wide) in paragraph at lines 154--154
[]  
 []

! Undefined control sequence.
<argument> \faIcon 
                   {external-link-alt} \textbf { Break-the-Bricks}
l.162 ..., Swing, Graphics2D, IntelliJ}}{Oct. 2022}
                                                    \\
The control sequence at the end of the top line
of your error message was never \def'ed. If you have
misspelled it (e.g., `\hobx'), type `I' and the correct
spelling (e.g., `I\hbox'). Otherwise just continue,
and I'll forget about whatever was undefined.


Overfull \hbox (14.40749pt too wide) in paragraph at lines 162--162
[]  
 []

! Undefined control sequence.
<argument> \faIcon 
                   {external-link-alt} \textbf { Movie-Ticket-Booking...
l.170 ...mph{C/C++, Visual Studio Code}}{May. 2022}
                                                   \\
The control sequence at the end of the top line
of your error message was never \def'ed. If you have
misspelled it (e.g., `\hobx'), type `I' and the correct
spelling (e.g., `I\hbox'). Otherwise just continue,
and I'll forget about whatever was undefined.


Overfull \hbox (14.40749pt too wide) in paragraph at lines 170--170
[]  
 []

Missing character: There is no ^^e2 in font cmr10!
Missing character: There is no ^^80 in font cmr10!
Missing character: There is no ^^94 in font cmr10!

! LaTeX Error: Something's wrong--perhaps a missing \item.

See the LaTeX manual or LaTeX Companion for explanation.
Type  H <return>  for immediate help.
 ...                                               
                                                   
l.182     \small{\item{
                       
Try typing  <return>  to proceed.
If that doesn't work, type  X <return>  to quit.


! LaTeX Error: Something's wrong--perhaps a missing \item.

See the LaTeX manual or LaTeX Companion for explanation.
Type  H <return>  for immediate help.
 ...                                               
                                                   
l.182     \small{\item{
                       
Try typing  <return>  to proceed.
If that doesn't work, type  X <return>  to quit.


! LaTeX Error: Something's wrong--perhaps a missing \item.

See the LaTeX manual or LaTeX Companion for explanation.
Type  H <return>  for immediate help.
 ...                                               
                                                   
l.182     \small{\item{
                       
Try typing  <return>  to proceed.
If that doesn't work, type  X <return>  to quit.

LaTeX Font Info:    Font shape `OMS/cmr/m/n' in size <10> not available
(Font)              Font shape `OMS/cmsy/m/n' tried instead on input line 182.

! LaTeX Error: Something's wrong--perhaps a missing \item.

See the LaTeX manual or LaTeX Companion for explanation.
Type  H <return>  for immediate help.
 ...                                               
                                                   
l.185      \textbf
                  {Languages}{: C/C++, Python, Java, JavaScript, HTML...
Try typing  <return>  to proceed.
If that doesn't work, type  X <return>  to quit.


! LaTeX Error: Something's wrong--perhaps a missing \item.

See the LaTeX manual or LaTeX Companion for explanation.
Type  H <return>  for immediate help.
 ...                                               
                                                   
l.186      
           
Try typing  <return>  to proceed.
If that doesn't work, type  X <return>  to quit.


! LaTeX Error: Something's wrong--perhaps a missing \item.

See the LaTeX manual or LaTeX Companion for explanation.
Type  H <return>  for immediate help.
 ...                                               
                                                   
l.188      
           
Try typing  <return>  to proceed.
If that doesn't work, type  X <return>  to quit.


! LaTeX Error: Something's wrong--perhaps a missing \item.

See the LaTeX manual or LaTeX Companion for explanation.
Type  H <return>  for immediate help.
 ...                                               
                                                   
l.190 
      
Try typing  <return>  to proceed.
If that doesn't work, type  X <return>  to quit.


! LaTeX Error: Something's wrong--perhaps a missing \item.

See the LaTeX manual or LaTeX Companion for explanation.
Type  H <return>  for immediate help.
 ...                                               
                                                   
l.192 
      
Try typing  <return>  to proceed.
If that doesn't work, type  X <return>  to quit.


! LaTeX Error: Something's wrong--perhaps a missing \item.

See the LaTeX manual or LaTeX Companion for explanation.
Type  H <return>  for immediate help.
 ...                                               
                                                   
l.195  \end{itemize}
                    
Try typing  <return>  to proceed.
If that doesn't work, type  X <return>  to quit.


! LaTeX Error: Something's wrong--perhaps a missing \item.

See the LaTeX manual or LaTeX Companion for explanation.
Type  H <return>  for immediate help.
 ...                                               
                                                   
l.202 ...faIcon{external-link-alt}}}\vspace{7pt}}{}
                                                   
Try typing  <return>  to proceed.
If that doesn't work, type  X <return>  to quit.


! LaTeX Error: Something's wrong--perhaps a missing \item.

See the LaTeX manual or LaTeX Companion for explanation.
Type  H <return>  for immediate help.
 ...                                               
                                                   
l.202 ...faIcon{external-link-alt}}}\vspace{7pt}}{}
                                                   
Try typing  <return>  to proceed.
If that doesn't work, type  X <return>  to quit.


! LaTeX Error: Something's wrong--perhaps a missing \item.

See the LaTeX manual or LaTeX Companion for explanation.
Type  H <return>  for immediate help.
 ...                                               
                                                   
l.202 ...faIcon{external-link-alt}}}\vspace{7pt}}{}
                                                   
Try typing  <return>  to proceed.
If that doesn't work, type  X <return>  to quit.

LaTeX Font Info:    External font `cmex10' loaded for size
(Font)              <9> on input line 202.
! Undefined control sequence.
<argument> \faIcon 
                   {external-link-alt}
l.202 ...faIcon{external-link-alt}}}\vspace{7pt}}{}
                                                   
The control sequence at the end of the top line
of your error message was never \def'ed. If you have
misspelled it (e.g., `\hobx'), type `I' and the correct
spelling (e.g., `I\hbox'). Otherwise just continue,
and I'll forget about whatever was undefined.


! LaTeX Error: Something's wrong--perhaps a missing \item.

See the LaTeX manual or LaTeX Companion for explanation.
Type  H <return>  for immediate help.
 ...                                               
                                                   
l.206 ...ternal-link-alt}}}\vspace{7pt}}{Jul. 2022}
                                                    \\
Try typing  <return>  to proceed.
If that doesn't work, type  X <return>  to quit.


! LaTeX Error: Something's wrong--perhaps a missing \item.

See the LaTeX manual or LaTeX Companion for explanation.
Type  H <return>  for immediate help.
 ...                                               
                                                   
l.206 ...ternal-link-alt}}}\vspace{7pt}}{Jul. 2022}
                                                    \\
Try typing  <return>  to proceed.
If that doesn't work, type  X <return>  to quit.


! LaTeX Error: Something's wrong--perhaps a missing \item.

See the LaTeX manual or LaTeX Companion for explanation.
Type  H <return>  for immediate help.
 ...                                               
                                                   
l.206 ...ternal-link-alt}}}\vspace{7pt}}{Jul. 2022}
                                                    \\
Try typing  <return>  to proceed.
If that doesn't work, type  X <return>  to quit.

! Undefined control sequence.
<argument> \faIcon 
                   {external-link-alt}
l.206 ...ternal-link-alt}}}\vspace{7pt}}{Jul. 2022}
                                                    \\
The control sequence at the end of the top line
of your error message was never \def'ed. If you have
misspelled it (e.g., `\hobx'), type `I' and the correct
spelling (e.g., `I\hbox'). Otherwise just continue,
and I'll forget about whatever was undefined.


! LaTeX Error: Something's wrong--perhaps a missing \item.

See the LaTeX manual or LaTeX Companion for explanation.
Type  H <return>  for immediate help.
 ...                                               
                                                   
l.207           {
                 \small{Cleared Aptitude test and Coding Round}}
Try typing  <return>  to proceed.
If that doesn't work, type  X <return>  to quit.


! LaTeX Error: Something's wrong--perhaps a missing \item.

See the LaTeX manual or LaTeX Companion for explanation.
Type  H <return>  for immediate help.
 ...                                               
                                                   
l.208     \resumeSubHeadingListEnd
                                   
Try typing  <return>  to proceed.
If that doesn't work, type  X <return>  to quit.


Overfull \hbox (48.77838pt too wide) in paragraph at lines 199--208
\OT1/cmr/m/n/10.95 label=][] 
 []


Overfull \hbox (14.40749pt too wide) in paragraph at lines 199--208
[][] 
 []


Overfull \vbox (306.17451pt too high) has occurred while \output is active
 []

[1

]
Package atveryend Info: Empty hook `BeforeClearDocument' on input line 212.
 [2]
Package atveryend Info: Empty hook `AfterLastShipout' on input line 212.
 (kathan.aux)
Package atveryend Info: Executing hook `AtVeryEndDocument' on input line 212.
Package atveryend Info: Executing hook `AtEndAfterFileList' on input line 212.


Package rerunfilecheck Warning: File `kathan.out' has changed.
(rerunfilecheck)                Rerun to get outlines right
(rerunfilecheck)                or use package `bookmark'.

Package rerunfilecheck Info: Checksums for `kathan.out':
(rerunfilecheck)             Before: <no file>
(rerunfilecheck)             After:  D41D8CD98F00B204E9800998ECF8427E;0.

LaTeX Font Warning: Some font shapes were not available, defaults substituted.

Package atveryend Info: Empty hook `AtVeryVeryEnd' on input line 212.
 ) 
Here is how much of TeX's memory you used:
  strings out of 
  string characters out of 
  words of memory out of 
 8108 multiletter control sequences out of 
  words of font info for 44 fonts, out of  for 75
 14 hyphenation exceptions out of 307
 29i, 7n, 35p, b, 390s stack positions out of 5000i, 40n, 200p, b, 6000s

Output written on object model (2 pages).
